<?xml version="1.0" encoding="windows-1252" standalone="no"?>
<!DOCTYPE log SYSTEM "logger.dtd">
<log>
<record>
  <date>2017-11-22T13:31:44</date>
  <millis>1511357504691</millis>
  <sequence>0</sequence>
  <logger>org.uma.jmetal.util.JMetalLogger</logger>
  <level>INFO</level>
  <class>org.uma.jmetal.util.JMetalLogger</class>
  <method>configureLoggers</method>
  <thread>21</thread>
  <message>Loggers configured with null</message>
</record>
<record>
  <date>2017-11-22T13:31:44</date>
  <millis>1511357504714</millis>
  <sequence>1</sequence>
  <logger>org.uma.jmetal.util.JMetalLogger</logger>
  <level>INFO</level>
  <class>org.uma.jmetal.util.experiment.component.ExecuteAlgorithms</class>
  <method>run</method>
  <thread>21</thread>
  <message>ExecuteAlgorithms: Preparing output directory</message>
</record>
<record>
  <date>2017-11-22T13:31:44</date>
  <millis>1511357504727</millis>
  <sequence>2</sequence>
  <logger>org.uma.jmetal.util.JMetalLogger</logger>
  <level>INFO</level>
  <class>org.uma.jmetal.util.experiment.util.ExperimentAlgorithm</class>
  <method>runAlgorithm</method>
  <thread>21</thread>
  <message> Running algorithm: NSGAII, problem: AntiSpamFilterProblem, run: 0, funFile: experimentBaseDirectory/AntiSpamStudy/data/NSGAII/AntiSpamFilterProblem/FUN0.tsv</message>
</record>
<record>
  <date>2017-11-22T13:31:44</date>
  <millis>1511357504939</millis>
  <sequence>3</sequence>
  <logger>org.uma.jmetal.util.JMetalLogger</logger>
  <level>INFO</level>
  <class>org.uma.jmetal.util.experiment.util.ExperimentAlgorithm</class>
  <method>runAlgorithm</method>
  <thread>21</thread>
  <message> Running algorithm: NSGAII, problem: AntiSpamFilterProblem, run: 1, funFile: experimentBaseDirectory/AntiSpamStudy/data/NSGAII/AntiSpamFilterProblem/FUN1.tsv</message>
</record>
<record>
  <date>2017-11-22T13:31:45</date>
  <millis>1511357505115</millis>
  <sequence>4</sequence>
  <logger>org.uma.jmetal.util.JMetalLogger</logger>
  <level>INFO</level>
  <class>org.uma.jmetal.util.experiment.util.ExperimentAlgorithm</class>
  <method>runAlgorithm</method>
  <thread>21</thread>
  <message> Running algorithm: NSGAII, problem: AntiSpamFilterProblem, run: 2, funFile: experimentBaseDirectory/AntiSpamStudy/data/NSGAII/AntiSpamFilterProblem/FUN2.tsv</message>
</record>
<record>
  <date>2017-11-22T13:31:45</date>
  <millis>1511357505273</millis>
  <sequence>5</sequence>
  <logger>org.uma.jmetal.util.JMetalLogger</logger>
  <level>INFO</level>
  <class>org.uma.jmetal.util.experiment.util.ExperimentAlgorithm</class>
  <method>runAlgorithm</method>
  <thread>21</thread>
  <message> Running algorithm: NSGAII, problem: AntiSpamFilterProblem, run: 3, funFile: experimentBaseDirectory/AntiSpamStudy/data/NSGAII/AntiSpamFilterProblem/FUN3.tsv</message>
</record>
<record>
  <date>2017-11-22T13:31:45</date>
  <millis>1511357505441</millis>
  <sequence>6</sequence>
  <logger>org.uma.jmetal.util.JMetalLogger</logger>
  <level>INFO</level>
  <class>org.uma.jmetal.util.experiment.util.ExperimentAlgorithm</class>
  <method>runAlgorithm</method>
  <thread>21</thread>
  <message> Running algorithm: NSGAII, problem: AntiSpamFilterProblem, run: 4, funFile: experimentBaseDirectory/AntiSpamStudy/data/NSGAII/AntiSpamFilterProblem/FUN4.tsv</message>
</record>
<record>
  <date>2017-11-22T13:31:45</date>
  <millis>1511357505772</millis>
  <sequence>7</sequence>
  <logger>org.uma.jmetal.util.JMetalLogger</logger>
  <level>INFO</level>
  <class>org.uma.jmetal.util.experiment.component.ComputeQualityIndicators</class>
  <method>run</method>
  <thread>21</thread>
  <message>Computing indicator: HV</message>
</record>
<record>
  <date>2017-11-22T13:31:45</date>
  <millis>1511357505773</millis>
  <sequence>8</sequence>
  <logger>org.uma.jmetal.util.JMetalLogger</logger>
  <level>INFO</level>
  <class>org.uma.jmetal.util.experiment.component.ComputeQualityIndicators</class>
  <method>run</method>
  <thread>21</thread>
  <message>RF: experimentBaseDirectory/referenceFronts/AntiSpamFilterProblem.rf</message>
</record>
<record>
  <date>2017-11-22T13:31:45</date>
  <millis>1511357505787</millis>
  <sequence>9</sequence>
  <logger>org.uma.jmetal.util.JMetalLogger</logger>
  <level>INFO</level>
  <class>org.uma.jmetal.util.experiment.component.ComputeQualityIndicators</class>
  <method>resetFile</method>
  <thread>21</thread>
  <message>File experimentBaseDirectory/AntiSpamStudy/data/NSGAII/AntiSpamFilterProblem/HV exist.</message>
</record>
<record>
  <date>2017-11-22T13:31:45</date>
  <millis>1511357505791</millis>
  <sequence>10</sequence>
  <logger>org.uma.jmetal.util.JMetalLogger</logger>
  <level>INFO</level>
  <class>org.uma.jmetal.util.experiment.component.ComputeQualityIndicators</class>
  <method>resetFile</method>
  <thread>21</thread>
  <message>File experimentBaseDirectory/AntiSpamStudy/data/NSGAII/AntiSpamFilterProblem/HV is a file. Deleting file.</message>
</record>
<record>
  <date>2017-11-22T13:31:45</date>
  <millis>1511357505827</millis>
  <sequence>11</sequence>
  <logger>org.uma.jmetal.util.JMetalLogger</logger>
  <level>INFO</level>
  <class>org.uma.jmetal.util.experiment.component.ComputeQualityIndicators</class>
  <method>resetFile</method>
  <thread>21</thread>
  <message>File succesfully deleted.</message>
</record>
<record>
  <date>2017-11-22T13:31:45</date>
  <millis>1511357505831</millis>
  <sequence>12</sequence>
  <logger>org.uma.jmetal.util.JMetalLogger</logger>
  <level>INFO</level>
  <class>org.uma.jmetal.util.experiment.component.ComputeQualityIndicators</class>
  <method>run</method>
  <thread>21</thread>
  <message>HV: 0.5488721804511278</message>
</record>
<record>
  <date>2017-11-22T13:31:45</date>
  <millis>1511357505838</millis>
  <sequence>13</sequence>
  <logger>org.uma.jmetal.util.JMetalLogger</logger>
  <level>INFO</level>
  <class>org.uma.jmetal.util.experiment.component.ComputeQualityIndicators</class>
  <method>run</method>
  <thread>21</thread>
  <message>HV: 0.5578947368421052</message>
</record>
<record>
  <date>2017-11-22T13:31:45</date>
  <millis>1511357505844</millis>
  <sequence>14</sequence>
  <logger>org.uma.jmetal.util.JMetalLogger</logger>
  <level>INFO</level>
  <class>org.uma.jmetal.util.experiment.component.ComputeQualityIndicators</class>
  <method>run</method>
  <thread>21</thread>
  <message>HV: 0.3984962406015038</message>
</record>
<record>
  <date>2017-11-22T13:31:45</date>
  <millis>1511357505849</millis>
  <sequence>15</sequence>
  <logger>org.uma.jmetal.util.JMetalLogger</logger>
  <level>INFO</level>
  <class>org.uma.jmetal.util.experiment.component.ComputeQualityIndicators</class>
  <method>run</method>
  <thread>21</thread>
  <message>HV: 0.8</message>
</record>
<record>
  <date>2017-11-22T13:31:45</date>
  <millis>1511357505855</millis>
  <sequence>16</sequence>
  <logger>org.uma.jmetal.util.JMetalLogger</logger>
  <level>INFO</level>
  <class>org.uma.jmetal.util.experiment.component.ComputeQualityIndicators</class>
  <method>run</method>
  <thread>21</thread>
  <message>HV: 0.7082706766917293</message>
</record>
<record>
  <date>2017-11-22T13:38:25</date>
  <millis>1511357905468</millis>
  <sequence>17</sequence>
  <logger>org.uma.jmetal.util.JMetalLogger</logger>
  <level>INFO</level>
  <class>org.uma.jmetal.util.experiment.component.ExecuteAlgorithms</class>
  <method>run</method>
  <thread>27</thread>
  <message>ExecuteAlgorithms: Preparing output directory</message>
</record>
<record>
  <date>2017-11-22T13:38:25</date>
  <millis>1511357905478</millis>
  <sequence>18</sequence>
  <logger>org.uma.jmetal.util.JMetalLogger</logger>
  <level>INFO</level>
  <class>org.uma.jmetal.util.experiment.util.ExperimentAlgorithm</class>
  <method>runAlgorithm</method>
  <thread>27</thread>
  <message> Running algorithm: NSGAII, problem: AntiSpamFilterProblem, run: 0, funFile: experimentBaseDirectory/AntiSpamStudy/data/NSGAII/AntiSpamFilterProblem/FUN0.tsv</message>
</record>
<record>
  <date>2017-11-22T13:38:25</date>
  <millis>1511357905656</millis>
  <sequence>19</sequence>
  <logger>org.uma.jmetal.util.JMetalLogger</logger>
  <level>INFO</level>
  <class>org.uma.jmetal.util.experiment.util.ExperimentAlgorithm</class>
  <method>runAlgorithm</method>
  <thread>27</thread>
  <message> Running algorithm: NSGAII, problem: AntiSpamFilterProblem, run: 1, funFile: experimentBaseDirectory/AntiSpamStudy/data/NSGAII/AntiSpamFilterProblem/FUN1.tsv</message>
</record>
<record>
  <date>2017-11-22T13:38:25</date>
  <millis>1511357905820</millis>
  <sequence>20</sequence>
  <logger>org.uma.jmetal.util.JMetalLogger</logger>
  <level>INFO</level>
  <class>org.uma.jmetal.util.experiment.util.ExperimentAlgorithm</class>
  <method>runAlgorithm</method>
  <thread>27</thread>
  <message> Running algorithm: NSGAII, problem: AntiSpamFilterProblem, run: 2, funFile: experimentBaseDirectory/AntiSpamStudy/data/NSGAII/AntiSpamFilterProblem/FUN2.tsv</message>
</record>
<record>
  <date>2017-11-22T13:38:25</date>
  <millis>1511357905992</millis>
  <sequence>21</sequence>
  <logger>org.uma.jmetal.util.JMetalLogger</logger>
  <level>INFO</level>
  <class>org.uma.jmetal.util.experiment.util.ExperimentAlgorithm</class>
  <method>runAlgorithm</method>
  <thread>27</thread>
  <message> Running algorithm: NSGAII, problem: AntiSpamFilterProblem, run: 3, funFile: experimentBaseDirectory/AntiSpamStudy/data/NSGAII/AntiSpamFilterProblem/FUN3.tsv</message>
</record>
<record>
  <date>2017-11-22T13:38:26</date>
  <millis>1511357906161</millis>
  <sequence>22</sequence>
  <logger>org.uma.jmetal.util.JMetalLogger</logger>
  <level>INFO</level>
  <class>org.uma.jmetal.util.experiment.util.ExperimentAlgorithm</class>
  <method>runAlgorithm</method>
  <thread>27</thread>
  <message> Running algorithm: NSGAII, problem: AntiSpamFilterProblem, run: 4, funFile: experimentBaseDirectory/AntiSpamStudy/data/NSGAII/AntiSpamFilterProblem/FUN4.tsv</message>
</record>
<record>
  <date>2017-11-22T13:38:26</date>
  <millis>1511357906469</millis>
  <sequence>23</sequence>
  <logger>org.uma.jmetal.util.JMetalLogger</logger>
  <level>INFO</level>
  <class>org.uma.jmetal.util.experiment.component.ComputeQualityIndicators</class>
  <method>run</method>
  <thread>27</thread>
  <message>Computing indicator: HV</message>
</record>
<record>
  <date>2017-11-22T13:38:26</date>
  <millis>1511357906470</millis>
  <sequence>24</sequence>
  <logger>org.uma.jmetal.util.JMetalLogger</logger>
  <level>INFO</level>
  <class>org.uma.jmetal.util.experiment.component.ComputeQualityIndicators</class>
  <method>run</method>
  <thread>27</thread>
  <message>RF: experimentBaseDirectory/referenceFronts/AntiSpamFilterProblem.rf</message>
</record>
<record>
  <date>2017-11-22T13:38:26</date>
  <millis>1511357906480</millis>
  <sequence>25</sequence>
  <logger>org.uma.jmetal.util.JMetalLogger</logger>
  <level>INFO</level>
  <class>org.uma.jmetal.util.experiment.component.ComputeQualityIndicators</class>
  <method>resetFile</method>
  <thread>27</thread>
  <message>File experimentBaseDirectory/AntiSpamStudy/data/NSGAII/AntiSpamFilterProblem/HV exist.</message>
</record>
<record>
  <date>2017-11-22T13:38:26</date>
  <millis>1511357906484</millis>
  <sequence>26</sequence>
  <logger>org.uma.jmetal.util.JMetalLogger</logger>
  <level>INFO</level>
  <class>org.uma.jmetal.util.experiment.component.ComputeQualityIndicators</class>
  <method>resetFile</method>
  <thread>27</thread>
  <message>File experimentBaseDirectory/AntiSpamStudy/data/NSGAII/AntiSpamFilterProblem/HV is a file. Deleting file.</message>
</record>
<record>
  <date>2017-11-22T13:38:26</date>
  <millis>1511357906524</millis>
  <sequence>27</sequence>
  <logger>org.uma.jmetal.util.JMetalLogger</logger>
  <level>INFO</level>
  <class>org.uma.jmetal.util.experiment.component.ComputeQualityIndicators</class>
  <method>resetFile</method>
  <thread>27</thread>
  <message>File succesfully deleted.</message>
</record>
<record>
  <date>2017-11-22T13:38:26</date>
  <millis>1511357906529</millis>
  <sequence>28</sequence>
  <logger>org.uma.jmetal.util.JMetalLogger</logger>
  <level>INFO</level>
  <class>org.uma.jmetal.util.experiment.component.ComputeQualityIndicators</class>
  <method>run</method>
  <thread>27</thread>
  <message>HV: 0.7184343434343434</message>
</record>
<record>
  <date>2017-11-22T13:38:26</date>
  <millis>1511357906544</millis>
  <sequence>29</sequence>
  <logger>org.uma.jmetal.util.JMetalLogger</logger>
  <level>INFO</level>
  <class>org.uma.jmetal.util.experiment.component.ComputeQualityIndicators</class>
  <method>run</method>
  <thread>27</thread>
  <message>HV: 0.6104797979797979</message>
</record>
<record>
  <date>2017-11-22T13:38:26</date>
  <millis>1511357906553</millis>
  <sequence>30</sequence>
  <logger>org.uma.jmetal.util.JMetalLogger</logger>
  <level>INFO</level>
  <class>org.uma.jmetal.util.experiment.component.ComputeQualityIndicators</class>
  <method>run</method>
  <thread>27</thread>
  <message>HV: 0.5789141414141414</message>
</record>
<record>
  <date>2017-11-22T13:38:26</date>
  <millis>1511357906561</millis>
  <sequence>31</sequence>
  <logger>org.uma.jmetal.util.JMetalLogger</logger>
  <level>INFO</level>
  <class>org.uma.jmetal.util.experiment.component.ComputeQualityIndicators</class>
  <method>run</method>
  <thread>27</thread>
  <message>HV: 0.7569444444444445</message>
</record>
<record>
  <date>2017-11-22T13:38:26</date>
  <millis>1511357906569</millis>
  <sequence>32</sequence>
  <logger>org.uma.jmetal.util.JMetalLogger</logger>
  <level>INFO</level>
  <class>org.uma.jmetal.util.experiment.component.ComputeQualityIndicators</class>
  <method>run</method>
  <thread>27</thread>
  <message>HV: 0.648989898989899</message>
</record>
